2026-04-22 21:11:43,000 - twister - INFO - Using Ninja..
2026-04-22 21:11:43,230 - twister - INFO - Zephyr version: v4.4.0-630-gd95d79dc9371
2026-04-22 21:11:43,312 - twister - DEBUG - Running cmake script C:\Users\jws\zephyrproject\zephyr\cmake\verify-toolchain.cmake
2026-04-22 21:11:43,316 - twister - DEBUG - Calling cmake: ['C:\\Program Files\\CMake\\bin\\cmake.EXE', '-DFORMAT=json', '-P', 'C:\\Users\\jws\\zephyrproject\\zephyr\\cmake\\verify-toolchain.cmake']
2026-04-22 21:11:44,441 - twister - DEBUG - Finished running C:\Users\jws\zephyrproject\zephyr\cmake\verify-toolchain.cmake
2026-04-22 21:11:44,441 - twister - INFO - Using 'zephyr/gnu' toolchain variant.
2026-04-22 21:11:46,563 - twister - DEBUG - Reading testsuite configuration files under C:\Users\jws\zephyrproject\WORK-GIT\zephyr-midi1\tests\lib\midi1_parser...
2026-04-22 21:11:46,563 - twister - DEBUG - Found possible testsuite in C:\Users\jws\zephyrproject\WORK-GIT\zephyr-midi1\tests\lib\midi1_parser
2026-04-22 21:11:46,578 - twister - DEBUG - No duplicates found.
2026-04-22 21:11:46,578 - twister - DEBUG -  platform filter: ['native_sim']
2026-04-22 21:11:46,578 - twister - DEBUG - platform_pattern: []
2026-04-22 21:11:46,578 - twister - DEBUG -    vendor filter: []
2026-04-22 21:11:46,578 - twister - DEBUG -      arch_filter: None
2026-04-22 21:11:46,578 - twister - DEBUG -       tag_filter: None
2026-04-22 21:11:46,578 - twister - DEBUG -      exclude_tag: None
2026-04-22 21:11:46,578 - twister - DEBUG - Checking platform filter: ['native_sim']
2026-04-22 21:11:46,578 - twister - INFO - Building initial testsuite list...
2026-04-22 21:11:46,578 - twister - INFO - Built testsuite list in 0.00 seconds
2026-04-22 21:11:46,578 - twister - INFO - Writing JSON report C:\Users\jws\zephyrproject\WORK-GIT\zephyr-midi1\twister-out\testplan.json
2026-04-22 21:11:46,737 - twister - INFO - Adding tasks to the queue...
2026-04-22 21:11:46,737 - twister - INFO - Added initial list of jobs to queue
2026-04-22 21:12:04,255 - twister - DEBUG - Launched 20 jobs
2026-04-22 21:12:04,335 - twister - INFO - 1 test scenarios (1 configurations) selected, 1 configurations filtered (1 by static filter, 0 at runtime).
2026-04-22 21:12:04,351 - twister - INFO - [32m0 of 0[39m executed test configurations passed (0.00%), 0 built (not run), 0 failed, 0 errored, with no warnings in 21.37 seconds.
2026-04-22 21:12:04,366 - twister - INFO - 0 of 0 executed test cases passed (0.00%) on 0 out of total 1483 platforms (0.00%).
2026-04-22 21:12:04,366 - twister - INFO - [32m0[39m test configurations executed on platforms, [36m0[39m test configurations were only built.
2026-04-22 21:12:04,366 - twister - INFO - Saving reports...
2026-04-22 21:12:04,366 - twister - INFO - Writing JSON report C:\Users\jws\zephyrproject\WORK-GIT\zephyr-midi1\twister-out\twister.json
2026-04-22 21:12:04,366 - twister - INFO - Writing xunit report C:\Users\jws\zephyrproject\WORK-GIT\zephyr-midi1\twister-out\twister.xml...
2026-04-22 21:12:04,383 - twister - INFO - Writing xunit report C:\Users\jws\zephyrproject\WORK-GIT\zephyr-midi1\twister-out\twister_report.xml...
2026-04-22 21:12:04,385 - twister - INFO - Run completed
